<?xml version="1.0" encoding="UTF-8"?>
<!-- Generated by org.testng.reporters.JUnitReportReporter -->
<testsuite hostname="HARYAX" failures="0" tests="4" name="com.td.qa.testdata.LoginPageTest" time="37.917" errors="0" timestamp="2022-08-27T18:23:48 EDT" skipped="0">
  <testcase classname="com.td.qa.testdata.LoginPageTest" name="loginpagetitletest" time="8.800"/>
  <system-out/>
  <testcase classname="com.td.qa.testdata.LoginPageTest" name="LoginWrongEmailandPassword" time="10.026"/>
  <system-out/>
  <testcase classname="com.td.qa.testdata.LoginPageTest" name="LoginWithEmptyEmail" time="9.339"/>
  <system-out/>
  <testcase classname="com.td.qa.testdata.LoginPageTest" name="LoginWithEmptyPassword" time="9.752"/>
  <system-out/>
</testsuite> <!-- com.td.qa.testdata.LoginPageTest -->
