<?xml version="1.0" encoding="UTF-8"?>
<!-- Generated by org.testng.reporters.JUnitReportReporter -->
<testsuite hostname="HARYAX" failures="0" tests="4" name="com.td.qa.testdata.LoginPageTest" time="57.430" errors="0" timestamp="2022-08-28T16:19:20 EDT" skipped="0">
  <testcase classname="com.td.qa.testdata.LoginPageTest" name="loginpagetitletest" time="13.489"/>
  <system-out/>
  <testcase classname="com.td.qa.testdata.LoginPageTest" name="LoginWrongEmailandPassword" time="15.674"/>
  <system-out/>
  <testcase classname="com.td.qa.testdata.LoginPageTest" name="LoginWithEmptyEmail" time="13.504"/>
  <system-out/>
  <testcase classname="com.td.qa.testdata.LoginPageTest" name="LoginWithEmptyPassword" time="14.763"/>
  <system-out/>
</testsuite> <!-- com.td.qa.testdata.LoginPageTest -->
