<?xml version="1.0" encoding="UTF-8"?>
<!-- Generated by org.testng.reporters.JUnitReportReporter -->
<testsuite hostname="HARYAX" failures="0" tests="7" name="com.td.qa.testdata.HomePageTest" time="66.237" errors="0" timestamp="2022-08-27T18:23:48 EDT" skipped="0">
  <testcase classname="com.td.qa.testdata.HomePageTest" name="HomePageTitleTest" time="6.896"/>
  <system-out/>
  <testcase classname="com.td.qa.testdata.HomePageTest" name="HeaderList" time="7.795"/>
  <system-out/>
  <testcase classname="com.td.qa.testdata.HomePageTest" name="DropDownList" time="15.656"/>
  <system-out/>
  <testcase classname="com.td.qa.testdata.HomePageTest" name="SelectedLanguagesList" time="9.764"/>
  <system-out/>
  <testcase classname="com.td.qa.testdata.HomePageTest" name="ServicesMenuList" time="7.232"/>
  <system-out/>
  <testcase classname="com.td.qa.testdata.HomePageTest" name="SearchSuggestionList" time="9.384"/>
  <system-out/>
  <testcase classname="com.td.qa.testdata.HomePageTest" name="EnterLoginpage" time="9.510"/>
  <system-out/>
</testsuite> <!-- com.td.qa.testdata.HomePageTest -->
