<?xml version="1.0" encoding="UTF-8"?>
<!-- Generated by org.testng.reporters.JUnitReportReporter -->
<testsuite hostname="HARYAX" failures="0" tests="7" name="com.td.qa.testdata.HomePageTest" time="95.230" errors="0" timestamp="2022-08-28T16:19:20 EDT" skipped="0">
  <testcase classname="com.td.qa.testdata.HomePageTest" name="HomePageTitleTest" time="12.612"/>
  <system-out/>
  <testcase classname="com.td.qa.testdata.HomePageTest" name="HeaderList" time="10.581"/>
  <system-out/>
  <testcase classname="com.td.qa.testdata.HomePageTest" name="DropDownList" time="19.383"/>
  <system-out/>
  <testcase classname="com.td.qa.testdata.HomePageTest" name="SelectedLanguagesList" time="15.005"/>
  <system-out/>
  <testcase classname="com.td.qa.testdata.HomePageTest" name="ServicesMenuList" time="11.565"/>
  <system-out/>
  <testcase classname="com.td.qa.testdata.HomePageTest" name="SearchSuggestionList" time="13.238"/>
  <system-out/>
  <testcase classname="com.td.qa.testdata.HomePageTest" name="EnterLoginpage" time="12.846"/>
  <system-out/>
</testsuite> <!-- com.td.qa.testdata.HomePageTest -->
